<?xml version="1.0" encoding="UTF-8"?>
<testsuite xmlns:xsi="http://www.w3.org/2001/XMLSchema-instance" xsi:noNamespaceSchemaLocation="https://maven.apache.org/surefire/maven-surefire-plugin/xsd/surefire-test-report.xsd" name="org.example.AppTest" time="0.06" tests="1" errors="0" skipped="0" failures="0">
  <properties>
    <property name="java.specification.version" value="18"/>
    <property name="sun.cpu.isalist" value="amd64"/>
    <property name="sun.jnu.encoding" value="Cp1252"/>
    <property name="java.class.path" value="E:\Java\untitled\target\test-classes;E:\Java\untitled\target\classes;C:\Users\dovan\.m2\repository\junit\junit\4.11\junit-4.11.jar;C:\Users\dovan\.m2\repository\org\hamcrest\hamcrest-core\1.3\hamcrest-core-1.3.jar;C:\Users\dovan\.m2\repository\com\oracle\database\jdbc\ojdbc10\19.16.0.0\ojdbc10-19.16.0.0.jar;C:\Users\dovan\.m2\repository\org\projectlombok\lombok\1.18.22\lombok-1.18.22.jar;C:\Users\dovan\.m2\repository\org\openjfx\javafx-graphics\17\javafx-graphics-17.jar;C:\Users\dovan\.m2\repository\org\openjfx\javafx-graphics\17\javafx-graphics-17-win.jar;C:\Users\dovan\.m2\repository\org\openjfx\javafx-base\17\javafx-base-17.jar;C:\Users\dovan\.m2\repository\org\openjfx\javafx-base\17\javafx-base-17-win.jar;"/>
    <property name="java.vm.vendor" value="Oracle Corporation"/>
    <property name="sun.arch.data.model" value="64"/>
    <property name="user.variant" value=""/>
    <property name="java.vendor.url" value="https://java.oracle.com/"/>
    <property name="user.timezone" value="Asia/Saigon"/>
    <property name="os.name" value="Windows 10"/>
    <property name="java.vm.specification.version" value="18"/>
    <property name="sun.java.launcher" value="SUN_STANDARD"/>
    <property name="user.country" value="US"/>
    <property name="sun.boot.library.path" value="C:\jdk-18.0.1.1\bin"/>
    <property name="sun.java.command" value="C:\Users\dovan\AppData\Local\Temp\surefire12454343899604739399\surefirebooter13855505929133085423.jar C:\Users\dovan\AppData\Local\Temp\surefire12454343899604739399 2022-12-06T22-01-43_167-jvmRun1 surefire9362795156470790459tmp surefire_04792983155477285770tmp"/>
    <property name="jdk.debug" value="release"/>
    <property name="surefire.test.class.path" value="E:\Java\untitled\target\test-classes;E:\Java\untitled\target\classes;C:\Users\dovan\.m2\repository\junit\junit\4.11\junit-4.11.jar;C:\Users\dovan\.m2\repository\org\hamcrest\hamcrest-core\1.3\hamcrest-core-1.3.jar;C:\Users\dovan\.m2\repository\com\oracle\database\jdbc\ojdbc10\19.16.0.0\ojdbc10-19.16.0.0.jar;C:\Users\dovan\.m2\repository\org\projectlombok\lombok\1.18.22\lombok-1.18.22.jar;C:\Users\dovan\.m2\repository\org\openjfx\javafx-graphics\17\javafx-graphics-17.jar;C:\Users\dovan\.m2\repository\org\openjfx\javafx-graphics\17\javafx-graphics-17-win.jar;C:\Users\dovan\.m2\repository\org\openjfx\javafx-base\17\javafx-base-17.jar;C:\Users\dovan\.m2\repository\org\openjfx\javafx-base\17\javafx-base-17-win.jar;"/>
    <property name="sun.cpu.endian" value="little"/>
    <property name="user.home" value="C:\Users\dovan"/>
    <property name="user.language" value="en"/>
    <property name="java.specification.vendor" value="Oracle Corporation"/>
    <property name="java.version.date" value="2022-04-22"/>
    <property name="java.home" value="C:\jdk-18.0.1.1"/>
    <property name="file.separator" value="\"/>
    <property name="basedir" value="E:\Java\untitled"/>
    <property name="java.vm.compressedOopsMode" value="32-bit"/>
    <property name="line.separator" value="&#10;"/>
    <property name="java.vm.specification.vendor" value="Oracle Corporation"/>
    <property name="java.specification.name" value="Java Platform API Specification"/>
    <property name="surefire.real.class.path" value="C:\Users\dovan\AppData\Local\Temp\surefire12454343899604739399\surefirebooter13855505929133085423.jar"/>
    <property name="user.script" value=""/>
    <property name="sun.management.compiler" value="HotSpot 64-Bit Tiered Compilers"/>
    <property name="java.runtime.version" value="18.0.1.1+2-6"/>
    <property name="user.name" value="dovan"/>
    <property name="path.separator" value=";"/>
    <property name="os.version" value="10.0"/>
    <property name="java.runtime.name" value="Java(TM) SE Runtime Environment"/>
    <property name="file.encoding" value="UTF-8"/>
    <property name="java.vm.name" value="Java HotSpot(TM) 64-Bit Server VM"/>
    <property name="localRepository" value="C:\Users\dovan\.m2\repository"/>
    <property name="java.vendor.url.bug" value="https://bugreport.java.com/bugreport/"/>
    <property name="java.io.tmpdir" value="C:\Users\dovan\AppData\Local\Temp\"/>
    <property name="idea.version" value="2022.1.2"/>
    <property name="java.version" value="18.0.1.1"/>
    <property name="user.dir" value="E:\Java\untitled"/>
    <property name="os.arch" value="amd64"/>
    <property name="java.vm.specification.name" value="Java Virtual Machine Specification"/>
    <property name="sun.os.patch.level" value=""/>
    <property name="native.encoding" value="Cp1252"/>
    <property name="java.library.path" value="C:\jdk-18.0.1.1\bin;C:\WINDOWS\Sun\Java\bin;C:\WINDOWS\system32;C:\WINDOWS;E:\app\oracle\product\19c\dbhome\bin;E:\app\oracle\product\19c\db_home1\bin;C:\Program Files\Common Files\Oracle\Java\javapath;C:\WINDOWS\system32;C:\WINDOWS;C:\WINDOWS\System32\Wbem;C:\WINDOWS\System32\WindowsPowerShell\v1.0\;C:\WINDOWS\System32\OpenSSH\;E:\Program Files (x86)\Microsoft SQL Server\110\Tools\Binn\;E:\Program Files\Microsoft SQL Server\110\Tools\Binn\;E:\Program Files\Microsoft SQL Server\110\DTS\Binn\;E:\Program Files (x86)\Microsoft SQL Server\110\Tools\Binn\ManagementStudio\;E:\Program Files (x86)\Microsoft SQL Server\110\DTS\Binn\;E:\Program Files\Microsoft SQL Server\Client SDK\ODBC\170\Tools\Binn\;E:\Program Files (x86)\Microsoft SQL Server\150\Tools\Binn\;E:\Program Files\Microsoft SQL Server\150\Tools\Binn\;E:\Program Files\Microsoft SQL Server\150\DTS\Binn\;E:\Program Files (x86)\Microsoft SQL Server\150\DTS\Binn\;E:\Program Files\Git\cmd;E:\Program Files\Microsoft SQL Server\130\Tools\Binn\;C:\jdk-18.0.1.1\bin;C:\apache-maven-3.8.5\bin;C:\Program Files\nodejs\;C:\Users\dovan\AppData\Local\Microsoft\WindowsApps;C:\Users\dovan\AppData\Local\Programs\Microsoft VS Code\bin;C:\Users\dovan\AppData\Local\GitHubDesktop\bin;C:\Program Files\Azure Data Studio\bin;E:\Program Files\JetBrains\IntelliJ IDEA 2022.1.2\bin;;C:\Users\dovan\AppData\Roaming\npm;."/>
    <property name="java.vm.info" value="mixed mode, sharing"/>
    <property name="java.vendor" value="Oracle Corporation"/>
    <property name="java.vm.version" value="18.0.1.1+2-6"/>
    <property name="sun.io.unicode.encoding" value="UnicodeLittle"/>
    <property name="java.class.version" value="62.0"/>
  </properties>
  <testcase name="shouldAnswerWithTrue" classname="org.example.AppTest" time="0.006"/>
</testsuite>